<?xml version="1.0" encoding="UTF-8"?>
<!-- Generated by org.testng.reporters.JUnitReportReporter -->
<testsuite name="com.selenium.testng.seleniumexecute.GoogleScript" tests="1" time="0.869" ignored="0" failures="0" timestamp="27 May 2018 06:12:55 GMT" skipped="0" hostname="Lokesh" errors="0">
  <testcase name="googleSearch" time="0.869" classname="com.selenium.testng.seleniumexecute.GoogleScript"/>
</testsuite> <!-- com.selenium.testng.seleniumexecute.GoogleScript -->
