<?xml version="1.0" encoding="UTF-8"?>
<!-- Generated by org.testng.reporters.JUnitReportReporter -->
<testsuite skipped="0" hostname="Lokesh" name="com.selenium.testscripts.GoogleScript" tests="1" failures="0" timestamp="29 May 2018 19:21:18 GMT" time="0.696" errors="0">
  <testcase name="googleSearch" time="0.696" classname="com.selenium.testscripts.GoogleScript"/>
</testsuite> <!-- com.selenium.testscripts.GoogleScript -->
