<?xml version="1.0" encoding="UTF-8"?>
<!-- Generated by org.testng.reporters.JUnitReportReporter -->
<testsuite hostname="Lokesh" name="com.selenium.testscripts.GoogleScript" tests="1" failures="0" timestamp="30 May 2018 18:06:09 GMT" time="1.264" errors="0">
  <testcase name="googleSearch" time="1.264" classname="com.selenium.testscripts.GoogleScript"/>
</testsuite> <!-- com.selenium.testscripts.GoogleScript -->
